[0.057s] Invoking command in '/home/zack/Workspace/image_projection/src/build/homography': CMAKE_PREFIX_PATH=${CMAKE_PREFIX_PATH}:/opt/ros/humble /usr/bin/cmake /home/zack/Workspace/image_projection/src/homography -DCMAKE_INSTALL_PREFIX=/home/zack/Workspace/image_projection/src/install/homography
[0.063s] -- Found ament_cmake: 1.3.6 (/opt/ros/humble/share/ament_cmake/cmake)
[0.142s] -- Override CMake install command with custom implementation using symlinks instead of copying resources
[0.146s] -- Found rclcpp: 16.0.7 (/opt/ros/humble/share/rclcpp/cmake)
[0.161s] -- Found rosidl_generator_c: 3.1.5 (/opt/ros/humble/share/rosidl_generator_c/cmake)
[0.162s] -- Found rosidl_adapter: 3.1.5 (/opt/ros/humble/share/rosidl_adapter/cmake)
[0.166s] -- Found rosidl_generator_cpp: 3.1.5 (/opt/ros/humble/share/rosidl_generator_cpp/cmake)
[0.173s] -- Using all available rosidl_typesupport_c: rosidl_typesupport_fastrtps_c;rosidl_typesupport_introspection_c
[0.182s] -- Using all available rosidl_typesupport_cpp: rosidl_typesupport_fastrtps_cpp;rosidl_typesupport_introspection_cpp
[0.213s] -- Found rmw_implementation_cmake: 6.1.1 (/opt/ros/humble/share/rmw_implementation_cmake/cmake)
[0.213s] -- Found rmw_fastrtps_cpp: 6.2.5 (/opt/ros/humble/share/rmw_fastrtps_cpp/cmake)
[0.279s] -- Using RMW implementation 'rmw_fastrtps_cpp' as default
[0.397s] [31mCMake Error at /opt/ros/humble/share/ament_cmake_core/cmake/core/ament_package_xml.cmake:53 (message):
[0.397s]   ament_package_xml() package name 'homography' in '/package.xml' does not
[0.397s]   match current PROJECT_NAME 'image_projection'.  You must call project()
[0.397s]   with the same package name before.
[0.397s] Call Stack (most recent call first):
[0.397s]   /opt/ros/humble/share/ament_cmake_core/cmake/core/ament_package.cmake:63 (ament_package_xml)
[0.397s]   CMakeLists.txt:23 (ament_package)
[0.397s] 
[0.397s] [0m
[0.397s] -- Configuring incomplete, errors occurred!
[0.397s] See also "/home/zack/Workspace/image_projection/src/build/homography/CMakeFiles/CMakeOutput.log".
[0.402s] Invoked command in '/home/zack/Workspace/image_projection/src/build/homography' returned '1': CMAKE_PREFIX_PATH=${CMAKE_PREFIX_PATH}:/opt/ros/humble /usr/bin/cmake /home/zack/Workspace/image_projection/src/homography -DCMAKE_INSTALL_PREFIX=/home/zack/Workspace/image_projection/src/install/homography
