[0.058s] Invoking command in '/home/zack/Workspace/image_projection/src/build/image_projection': CMAKE_PREFIX_PATH=${CMAKE_PREFIX_PATH}:/opt/ros/humble /usr/bin/cmake /home/zack/Workspace/image_projection/src/homography -DCMAKE_INSTALL_PREFIX=/home/zack/Workspace/image_projection/src/install/image_projection
[0.091s] -- The C compiler identification is GNU 11.4.0
[0.130s] -- The CXX compiler identification is GNU 11.4.0
[0.135s] -- Detecting C compiler ABI info
[0.194s] -- Detecting C compiler ABI info - done
[0.202s] -- Check for working C compiler: /usr/bin/cc - skipped
[0.202s] -- Detecting C compile features
[0.203s] -- Detecting C compile features - done
[0.207s] -- Detecting CXX compiler ABI info
[0.270s] -- Detecting CXX compiler ABI info - done
[0.274s] -- Check for working CXX compiler: /usr/bin/c++ - skipped
[0.274s] -- Detecting CXX compile features
[0.274s] -- Detecting CXX compile features - done
[0.276s] -- Found ament_cmake: 1.3.6 (/opt/ros/humble/share/ament_cmake/cmake)
[0.481s] -- Found Python3: /usr/bin/python3.10 (found version "3.10.12") found components: Interpreter 
[0.529s] -- Found rclcpp: 16.0.7 (/opt/ros/humble/share/rclcpp/cmake)
[0.553s] -- Found rosidl_generator_c: 3.1.5 (/opt/ros/humble/share/rosidl_generator_c/cmake)
[0.556s] -- Found rosidl_adapter: 3.1.5 (/opt/ros/humble/share/rosidl_adapter/cmake)
[0.560s] -- Found rosidl_generator_cpp: 3.1.5 (/opt/ros/humble/share/rosidl_generator_cpp/cmake)
[0.568s] -- Using all available rosidl_typesupport_c: rosidl_typesupport_fastrtps_c;rosidl_typesupport_introspection_c
[0.578s] -- Using all available rosidl_typesupport_cpp: rosidl_typesupport_fastrtps_cpp;rosidl_typesupport_introspection_cpp
[0.617s] -- Found rmw_implementation_cmake: 6.1.1 (/opt/ros/humble/share/rmw_implementation_cmake/cmake)
[0.618s] -- Found rmw_fastrtps_cpp: 6.2.5 (/opt/ros/humble/share/rmw_fastrtps_cpp/cmake)
[0.670s] -- Found OpenSSL: /usr/lib/x86_64-linux-gnu/libcrypto.so (found version "3.0.2")  
[0.685s] -- Found FastRTPS: /opt/ros/humble/include  
[0.710s] -- Using RMW implementation 'rmw_fastrtps_cpp' as default
[0.716s] -- Looking for pthread.h
[0.763s] -- Looking for pthread.h - found
[0.764s] -- Performing Test CMAKE_HAVE_LIBC_PTHREAD
[0.829s] -- Performing Test CMAKE_HAVE_LIBC_PTHREAD - Success
[0.830s] -- Found Threads: TRUE  
[0.949s] -- Configuring done
[0.953s] -- Generating done
[0.954s] -- Build files have been written to: /home/zack/Workspace/image_projection/src/build/image_projection
[0.960s] Invoked command in '/home/zack/Workspace/image_projection/src/build/image_projection' returned '0': CMAKE_PREFIX_PATH=${CMAKE_PREFIX_PATH}:/opt/ros/humble /usr/bin/cmake /home/zack/Workspace/image_projection/src/homography -DCMAKE_INSTALL_PREFIX=/home/zack/Workspace/image_projection/src/install/image_projection
[0.961s] Invoking command in '/home/zack/Workspace/image_projection/src/build/image_projection': CMAKE_PREFIX_PATH=${CMAKE_PREFIX_PATH}:/opt/ros/humble /usr/bin/cmake --build /home/zack/Workspace/image_projection/src/build/image_projection -- -j24 -l24
[1.001s] [ 50%] [32mBuilding CXX object CMakeFiles/get_homography.dir/src/homography.cpp.o[0m
[2.328s] [100%] [32m[1mLinking CXX executable get_homography[0m
[2.388s] [100%] Built target get_homography
[2.394s] Invoked command in '/home/zack/Workspace/image_projection/src/build/image_projection' returned '0': CMAKE_PREFIX_PATH=${CMAKE_PREFIX_PATH}:/opt/ros/humble /usr/bin/cmake --build /home/zack/Workspace/image_projection/src/build/image_projection -- -j24 -l24
[2.422s] Invoking command in '/home/zack/Workspace/image_projection/src/build/image_projection': CMAKE_PREFIX_PATH=${CMAKE_PREFIX_PATH}:/opt/ros/humble /usr/bin/cmake --install /home/zack/Workspace/image_projection/src/build/image_projection
[2.429s] -- Install configuration: ""
[2.429s] -- Installing: /home/zack/Workspace/image_projection/src/install/image_projection/lib/image_projection/get_homography
[2.430s] -- Set runtime path of "/home/zack/Workspace/image_projection/src/install/image_projection/lib/image_projection/get_homography" to ""
[2.430s] -- Installing: /home/zack/Workspace/image_projection/src/install/image_projection/share/ament_index/resource_index/package_run_dependencies/image_projection
[2.430s] -- Installing: /home/zack/Workspace/image_projection/src/install/image_projection/share/ament_index/resource_index/parent_prefix_path/image_projection
[2.430s] -- Installing: /home/zack/Workspace/image_projection/src/install/image_projection/share/image_projection/environment/ament_prefix_path.sh
[2.430s] -- Installing: /home/zack/Workspace/image_projection/src/install/image_projection/share/image_projection/environment/ament_prefix_path.dsv
[2.430s] -- Installing: /home/zack/Workspace/image_projection/src/install/image_projection/share/image_projection/environment/path.sh
[2.431s] -- Installing: /home/zack/Workspace/image_projection/src/install/image_projection/share/image_projection/environment/path.dsv
[2.431s] -- Installing: /home/zack/Workspace/image_projection/src/install/image_projection/share/image_projection/local_setup.bash
[2.431s] -- Installing: /home/zack/Workspace/image_projection/src/install/image_projection/share/image_projection/local_setup.sh
[2.431s] -- Installing: /home/zack/Workspace/image_projection/src/install/image_projection/share/image_projection/local_setup.zsh
[2.431s] -- Installing: /home/zack/Workspace/image_projection/src/install/image_projection/share/image_projection/local_setup.dsv
[2.431s] -- Installing: /home/zack/Workspace/image_projection/src/install/image_projection/share/image_projection/package.dsv
[2.431s] -- Installing: /home/zack/Workspace/image_projection/src/install/image_projection/share/ament_index/resource_index/packages/image_projection
[2.431s] -- Installing: /home/zack/Workspace/image_projection/src/install/image_projection/share/image_projection/cmake/image_projectionConfig.cmake
[2.432s] -- Installing: /home/zack/Workspace/image_projection/src/install/image_projection/share/image_projection/cmake/image_projectionConfig-version.cmake
[2.432s] -- Installing: /home/zack/Workspace/image_projection/src/install/image_projection/share/image_projection/package.xml
[2.434s] Invoked command in '/home/zack/Workspace/image_projection/src/build/image_projection' returned '0': CMAKE_PREFIX_PATH=${CMAKE_PREFIX_PATH}:/opt/ros/humble /usr/bin/cmake --install /home/zack/Workspace/image_projection/src/build/image_projection
