[0.543s] DEBUG:colcon:Command line arguments: ['/usr/bin/colcon', 'build']
[0.543s] DEBUG:colcon:Parsed command line arguments: Namespace(log_base=None, log_level=None, verb_name='build', build_base='build', install_base='install', merge_install=False, symlink_install=False, test_result_base=None, continue_on_error=False, executor='parallel', parallel_workers=24, event_handlers=None, ignore_user_meta=False, metas=['./colcon.meta'], base_paths=['.'], packages_ignore=None, packages_ignore_regex=None, paths=None, packages_up_to=None, packages_up_to_regex=None, packages_above=None, packages_above_and_dependencies=None, packages_above_depth=None, packages_select_by_dep=None, packages_skip_by_dep=None, packages_skip_up_to=None, packages_select_build_failed=False, packages_skip_build_finished=False, packages_select_test_failures=False, packages_skip_test_passed=False, packages_select=None, packages_skip=None, packages_select_regex=None, packages_skip_regex=None, packages_start=None, packages_end=None, allow_overriding=[], cmake_args=None, cmake_target=None, cmake_target_skip_unavailable=False, cmake_clean_cache=False, cmake_clean_first=False, cmake_force_configure=False, ament_cmake_args=None, catkin_cmake_args=None, catkin_skip_building_tests=False, verb_parser=<colcon_defaults.argument_parser.defaults.DefaultArgumentsDecorator object at 0x7f9332556290>, verb_extension=<colcon_core.verb.build.BuildVerb object at 0x7f93329f70d0>, main=<bound method BuildVerb.main of <colcon_core.verb.build.BuildVerb object at 0x7f93329f70d0>>)
[0.574s] Level 1:colcon.colcon_core.package_discovery:discover_packages(colcon_meta) check parameters
[0.574s] Level 1:colcon.colcon_core.package_discovery:discover_packages(recursive) check parameters
[0.574s] Level 1:colcon.colcon_core.package_discovery:discover_packages(ignore) check parameters
[0.574s] Level 1:colcon.colcon_core.package_discovery:discover_packages(path) check parameters
[0.574s] Level 1:colcon.colcon_core.package_discovery:discover_packages(colcon_meta) discover
[0.574s] Level 1:colcon.colcon_core.package_discovery:discover_packages(recursive) discover
[0.574s] INFO:colcon.colcon_core.package_discovery:Crawling recursively for packages in '/home/zack/Workspace/image_projection/src'
[0.574s] Level 1:colcon.colcon_core.package_identification:_identify(.) by extensions ['ignore', 'ignore_ament_install']
[0.574s] Level 1:colcon.colcon_core.package_identification:_identify(.) by extension 'ignore'
[0.574s] Level 1:colcon.colcon_core.package_identification:_identify(.) by extension 'ignore_ament_install'
[0.574s] Level 1:colcon.colcon_core.package_identification:_identify(.) by extensions ['colcon_pkg']
[0.574s] Level 1:colcon.colcon_core.package_identification:_identify(.) by extension 'colcon_pkg'
[0.574s] Level 1:colcon.colcon_core.package_identification:_identify(.) by extensions ['colcon_meta']
[0.574s] Level 1:colcon.colcon_core.package_identification:_identify(.) by extension 'colcon_meta'
[0.574s] Level 1:colcon.colcon_core.package_identification:_identify(.) by extensions ['ros']
[0.574s] Level 1:colcon.colcon_core.package_identification:_identify(.) by extension 'ros'
[0.581s] Level 1:colcon.colcon_core.package_identification:_identify(.) by extensions ['cmake', 'python']
[0.581s] Level 1:colcon.colcon_core.package_identification:_identify(.) by extension 'cmake'
[0.582s] Level 1:colcon.colcon_core.package_identification:_identify(.) by extension 'python'
[0.582s] Level 1:colcon.colcon_core.package_identification:_identify(.) by extensions ['python_setup_py']
[0.582s] Level 1:colcon.colcon_core.package_identification:_identify(.) by extension 'python_setup_py'
[0.582s] Level 1:colcon.colcon_core.package_identification:_identify(build) by extensions ['ignore', 'ignore_ament_install']
[0.582s] Level 1:colcon.colcon_core.package_identification:_identify(build) by extension 'ignore'
[0.582s] Level 1:colcon.colcon_core.package_identification:_identify(build) ignored
[0.582s] Level 1:colcon.colcon_core.package_identification:_identify(homography) by extensions ['ignore', 'ignore_ament_install']
[0.582s] Level 1:colcon.colcon_core.package_identification:_identify(homography) by extension 'ignore'
[0.582s] Level 1:colcon.colcon_core.package_identification:_identify(homography) by extension 'ignore_ament_install'
[0.582s] Level 1:colcon.colcon_core.package_identification:_identify(homography) by extensions ['colcon_pkg']
[0.582s] Level 1:colcon.colcon_core.package_identification:_identify(homography) by extension 'colcon_pkg'
[0.582s] Level 1:colcon.colcon_core.package_identification:_identify(homography) by extensions ['colcon_meta']
[0.582s] Level 1:colcon.colcon_core.package_identification:_identify(homography) by extension 'colcon_meta'
[0.582s] Level 1:colcon.colcon_core.package_identification:_identify(homography) by extensions ['ros']
[0.582s] Level 1:colcon.colcon_core.package_identification:_identify(homography) by extension 'ros'
[0.583s] DEBUG:colcon.colcon_core.package_identification:Package 'homography' with type 'ros.ament_cmake' and name 'image_projection'
[0.583s] Level 1:colcon.colcon_core.package_identification:_identify(install) by extensions ['ignore', 'ignore_ament_install']
[0.583s] Level 1:colcon.colcon_core.package_identification:_identify(install) by extension 'ignore'
[0.583s] Level 1:colcon.colcon_core.package_identification:_identify(install) ignored
[0.583s] Level 1:colcon.colcon_core.package_identification:_identify(log) by extensions ['ignore', 'ignore_ament_install']
[0.583s] Level 1:colcon.colcon_core.package_identification:_identify(log) by extension 'ignore'
[0.583s] Level 1:colcon.colcon_core.package_identification:_identify(log) ignored
[0.583s] Level 1:colcon.colcon_core.package_discovery:discover_packages(recursive) using defaults
[0.584s] Level 1:colcon.colcon_core.package_discovery:discover_packages(ignore) discover
[0.584s] Level 1:colcon.colcon_core.package_discovery:discover_packages(ignore) using defaults
[0.584s] Level 1:colcon.colcon_core.package_discovery:discover_packages(path) discover
[0.584s] Level 1:colcon.colcon_core.package_discovery:discover_packages(path) using defaults
[0.638s] Level 1:colcon.colcon_core.package_discovery:discover_packages(prefix_path) check parameters
[0.638s] Level 1:colcon.colcon_core.package_discovery:discover_packages(prefix_path) discover
[0.647s] WARNING:colcon.colcon_core.prefix_path.colcon:The path '/home/zack/Workspace/image_projection/install' in the environment variable COLCON_PREFIX_PATH doesn't exist
[0.656s] DEBUG:colcon.colcon_installed_package_information.package_discovery:Found 3 installed packages in /home/zack/Workspace/image_projection/src/install
[0.664s] DEBUG:colcon.colcon_installed_package_information.package_discovery:Found 1 installed packages in /home/zack/Workspace/ros_practice_projects/install
[0.673s] DEBUG:colcon.colcon_installed_package_information.package_discovery:Found 4 installed packages in /home/zack/Workspace/ros_practice_projects/src/install
[0.683s] DEBUG:colcon.colcon_installed_package_information.package_discovery:Found 296 installed packages in /opt/ros/humble
[0.684s] Level 1:colcon.colcon_core.package_discovery:discover_packages(prefix_path) using defaults
[0.730s] Level 5:colcon.colcon_core.verb:set package 'image_projection' build argument 'cmake_args' from command line to 'None'
[0.730s] Level 5:colcon.colcon_core.verb:set package 'image_projection' build argument 'cmake_target' from command line to 'None'
[0.730s] Level 5:colcon.colcon_core.verb:set package 'image_projection' build argument 'cmake_target_skip_unavailable' from command line to 'False'
[0.730s] Level 5:colcon.colcon_core.verb:set package 'image_projection' build argument 'cmake_clean_cache' from command line to 'False'
[0.730s] Level 5:colcon.colcon_core.verb:set package 'image_projection' build argument 'cmake_clean_first' from command line to 'False'
[0.730s] Level 5:colcon.colcon_core.verb:set package 'image_projection' build argument 'cmake_force_configure' from command line to 'False'
[0.730s] Level 5:colcon.colcon_core.verb:set package 'image_projection' build argument 'ament_cmake_args' from command line to 'None'
[0.730s] Level 5:colcon.colcon_core.verb:set package 'image_projection' build argument 'catkin_cmake_args' from command line to 'None'
[0.730s] Level 5:colcon.colcon_core.verb:set package 'image_projection' build argument 'catkin_skip_building_tests' from command line to 'False'
[0.730s] DEBUG:colcon.colcon_core.verb:Building package 'image_projection' with the following arguments: {'ament_cmake_args': None, 'build_base': '/home/zack/Workspace/image_projection/src/build/image_projection', 'catkin_cmake_args': None, 'catkin_skip_building_tests': False, 'cmake_args': None, 'cmake_clean_cache': False, 'cmake_clean_first': False, 'cmake_force_configure': False, 'cmake_target': None, 'cmake_target_skip_unavailable': False, 'install_base': '/home/zack/Workspace/image_projection/src/install/image_projection', 'merge_install': False, 'path': '/home/zack/Workspace/image_projection/src/homography', 'symlink_install': False, 'test_result_base': None}
[0.739s] INFO:colcon.colcon_core.executor:Executing jobs using 'parallel' executor
[0.748s] DEBUG:colcon.colcon_parallel_executor.executor.parallel:run_until_complete
[0.748s] INFO:colcon.colcon_ros.task.ament_cmake.build:Building ROS package in '/home/zack/Workspace/image_projection/src/homography' with build type 'ament_cmake'
[0.748s] INFO:colcon.colcon_cmake.task.cmake.build:Building CMake package in '/home/zack/Workspace/image_projection/src/homography'
[0.758s] INFO:colcon.colcon_core.plugin_system:Skipping extension 'colcon_core.shell.bat': Not used on non-Windows systems
[0.758s] INFO:colcon.colcon_core.shell:Skip shell extension 'powershell' for command environment: Not usable outside of PowerShell
[0.758s] DEBUG:colcon.colcon_core.shell:Skip shell extension 'dsv' for command environment
[0.807s] DEBUG:colcon.colcon_core.event_handler.log_command:Invoking command in '/home/zack/Workspace/image_projection/src/build/image_projection': CMAKE_PREFIX_PATH=${CMAKE_PREFIX_PATH}:/opt/ros/humble /usr/bin/cmake /home/zack/Workspace/image_projection/src/homography -DCMAKE_INSTALL_PREFIX=/home/zack/Workspace/image_projection/src/install/image_projection
[1.679s] DEBUG:colcon.colcon_core.event_handler.log_command:Invoked command in '/home/zack/Workspace/image_projection/src/build/image_projection' returned '0': CMAKE_PREFIX_PATH=${CMAKE_PREFIX_PATH}:/opt/ros/humble /usr/bin/cmake /home/zack/Workspace/image_projection/src/homography -DCMAKE_INSTALL_PREFIX=/home/zack/Workspace/image_projection/src/install/image_projection
[1.681s] DEBUG:colcon.colcon_core.event_handler.log_command:Invoking command in '/home/zack/Workspace/image_projection/src/build/image_projection': CMAKE_PREFIX_PATH=${CMAKE_PREFIX_PATH}:/opt/ros/humble /usr/bin/cmake --build /home/zack/Workspace/image_projection/src/build/image_projection -- -j24 -l24
[3.026s] DEBUG:colcon.colcon_core.event_handler.log_command:Invoked command in '/home/zack/Workspace/image_projection/src/build/image_projection' returned '0': CMAKE_PREFIX_PATH=${CMAKE_PREFIX_PATH}:/opt/ros/humble /usr/bin/cmake --build /home/zack/Workspace/image_projection/src/build/image_projection -- -j24 -l24
[3.044s] DEBUG:colcon.colcon_core.event_handler.log_command:Invoking command in '/home/zack/Workspace/image_projection/src/build/image_projection': CMAKE_PREFIX_PATH=${CMAKE_PREFIX_PATH}:/opt/ros/humble /usr/bin/cmake --install /home/zack/Workspace/image_projection/src/build/image_projection
[3.050s] Level 1:colcon.colcon_core.environment:create_environment_scripts_only(image_projection)
[3.050s] DEBUG:colcon.colcon_core.event_handler.log_command:Invoked command in '/home/zack/Workspace/image_projection/src/build/image_projection' returned '0': CMAKE_PREFIX_PATH=${CMAKE_PREFIX_PATH}:/opt/ros/humble /usr/bin/cmake --install /home/zack/Workspace/image_projection/src/build/image_projection
[3.062s] Level 1:colcon.colcon_core.environment:checking '/home/zack/Workspace/image_projection/src/install/image_projection' for CMake module files
[3.063s] Level 1:colcon.colcon_core.environment:checking '/home/zack/Workspace/image_projection/src/install/image_projection' for CMake config files
[3.063s] Level 1:colcon.colcon_core.shell:create_environment_hook('image_projection', 'cmake_prefix_path')
[3.072s] INFO:colcon.colcon_core.shell:Creating environment hook '/home/zack/Workspace/image_projection/src/install/image_projection/share/image_projection/hook/cmake_prefix_path.ps1'
[3.072s] INFO:colcon.colcon_core.shell:Creating environment descriptor '/home/zack/Workspace/image_projection/src/install/image_projection/share/image_projection/hook/cmake_prefix_path.dsv'
[3.072s] INFO:colcon.colcon_core.shell:Creating environment hook '/home/zack/Workspace/image_projection/src/install/image_projection/share/image_projection/hook/cmake_prefix_path.sh'
[3.073s] Level 1:colcon.colcon_core.environment:checking '/home/zack/Workspace/image_projection/src/install/image_projection/lib'
[3.073s] Level 1:colcon.colcon_core.environment:checking '/home/zack/Workspace/image_projection/src/install/image_projection/bin'
[3.073s] Level 1:colcon.colcon_core.environment:checking '/home/zack/Workspace/image_projection/src/install/image_projection/lib/pkgconfig/image_projection.pc'
[3.073s] Level 1:colcon.colcon_core.environment:checking '/home/zack/Workspace/image_projection/src/install/image_projection/lib/python3.10/site-packages'
[3.073s] Level 1:colcon.colcon_core.environment:checking '/home/zack/Workspace/image_projection/src/install/image_projection/bin'
[3.082s] INFO:colcon.colcon_core.shell:Creating package script '/home/zack/Workspace/image_projection/src/install/image_projection/share/image_projection/package.ps1'
[3.082s] INFO:colcon.colcon_core.shell:Creating package descriptor '/home/zack/Workspace/image_projection/src/install/image_projection/share/image_projection/package.dsv'
[3.082s] INFO:colcon.colcon_core.shell:Creating package script '/home/zack/Workspace/image_projection/src/install/image_projection/share/image_projection/package.sh'
[3.083s] INFO:colcon.colcon_core.shell:Creating package script '/home/zack/Workspace/image_projection/src/install/image_projection/share/image_projection/package.bash'
[3.083s] INFO:colcon.colcon_core.shell:Creating package script '/home/zack/Workspace/image_projection/src/install/image_projection/share/image_projection/package.zsh'
[3.083s] Level 1:colcon.colcon_core.environment:create_file_with_runtime_dependencies(/home/zack/Workspace/image_projection/src/install/image_projection/share/colcon-core/packages/image_projection)
[3.119s] Level 1:colcon.colcon_core.environment:create_environment_scripts_only(image_projection)
[3.138s] Level 1:colcon.colcon_core.environment:checking '/home/zack/Workspace/image_projection/src/install/image_projection' for CMake module files
[3.139s] Level 1:colcon.colcon_core.environment:checking '/home/zack/Workspace/image_projection/src/install/image_projection' for CMake config files
[3.139s] Level 1:colcon.colcon_core.shell:create_environment_hook('image_projection', 'cmake_prefix_path')
[3.158s] INFO:colcon.colcon_core.shell:Creating environment hook '/home/zack/Workspace/image_projection/src/install/image_projection/share/image_projection/hook/cmake_prefix_path.ps1'
[3.158s] INFO:colcon.colcon_core.shell:Creating environment descriptor '/home/zack/Workspace/image_projection/src/install/image_projection/share/image_projection/hook/cmake_prefix_path.dsv'
[3.159s] INFO:colcon.colcon_core.shell:Creating environment hook '/home/zack/Workspace/image_projection/src/install/image_projection/share/image_projection/hook/cmake_prefix_path.sh'
[3.159s] Level 1:colcon.colcon_core.environment:checking '/home/zack/Workspace/image_projection/src/install/image_projection/lib'
[3.159s] Level 1:colcon.colcon_core.environment:checking '/home/zack/Workspace/image_projection/src/install/image_projection/bin'
[3.159s] Level 1:colcon.colcon_core.environment:checking '/home/zack/Workspace/image_projection/src/install/image_projection/lib/pkgconfig/image_projection.pc'
[3.159s] Level 1:colcon.colcon_core.environment:checking '/home/zack/Workspace/image_projection/src/install/image_projection/lib/python3.10/site-packages'
[3.160s] Level 1:colcon.colcon_core.environment:checking '/home/zack/Workspace/image_projection/src/install/image_projection/bin'
[3.179s] INFO:colcon.colcon_core.shell:Creating package script '/home/zack/Workspace/image_projection/src/install/image_projection/share/image_projection/package.ps1'
[3.180s] INFO:colcon.colcon_core.shell:Creating package descriptor '/home/zack/Workspace/image_projection/src/install/image_projection/share/image_projection/package.dsv'
[3.180s] INFO:colcon.colcon_core.shell:Creating package script '/home/zack/Workspace/image_projection/src/install/image_projection/share/image_projection/package.sh'
[3.181s] INFO:colcon.colcon_core.shell:Creating package script '/home/zack/Workspace/image_projection/src/install/image_projection/share/image_projection/package.bash'
[3.181s] INFO:colcon.colcon_core.shell:Creating package script '/home/zack/Workspace/image_projection/src/install/image_projection/share/image_projection/package.zsh'
[3.181s] Level 1:colcon.colcon_core.environment:create_file_with_runtime_dependencies(/home/zack/Workspace/image_projection/src/install/image_projection/share/colcon-core/packages/image_projection)
[3.182s] DEBUG:colcon.colcon_parallel_executor.executor.parallel:closing loop
[3.182s] DEBUG:colcon.colcon_parallel_executor.executor.parallel:loop closed
[3.182s] DEBUG:colcon.colcon_parallel_executor.executor.parallel:run_until_complete finished with '0'
[3.182s] DEBUG:colcon.colcon_core.event_reactor:joining thread
[3.193s] INFO:colcon.colcon_core.plugin_system:Skipping extension 'colcon_notification.desktop_notification.terminal_notifier': Not used on non-Darwin systems
[3.193s] INFO:colcon.colcon_core.plugin_system:Skipping extension 'colcon_notification.desktop_notification.win32': Not used on non-Windows systems
[3.193s] INFO:colcon.colcon_notification.desktop_notification:Sending desktop notification using 'notify2'
[3.202s] DEBUG:colcon.colcon_core.event_reactor:joined thread
[3.222s] INFO:colcon.colcon_core.shell:Creating prefix script '/home/zack/Workspace/image_projection/src/install/local_setup.ps1'
[3.223s] INFO:colcon.colcon_core.shell:Creating prefix util module '/home/zack/Workspace/image_projection/src/install/_local_setup_util_ps1.py'
[3.224s] INFO:colcon.colcon_core.shell:Creating prefix chain script '/home/zack/Workspace/image_projection/src/install/setup.ps1'
[3.244s] INFO:colcon.colcon_core.shell:Creating prefix script '/home/zack/Workspace/image_projection/src/install/local_setup.sh'
[3.245s] INFO:colcon.colcon_core.shell:Creating prefix util module '/home/zack/Workspace/image_projection/src/install/_local_setup_util_sh.py'
[3.245s] INFO:colcon.colcon_core.shell:Creating prefix chain script '/home/zack/Workspace/image_projection/src/install/setup.sh'
[3.266s] INFO:colcon.colcon_core.shell:Creating prefix script '/home/zack/Workspace/image_projection/src/install/local_setup.bash'
[3.266s] INFO:colcon.colcon_core.shell:Creating prefix chain script '/home/zack/Workspace/image_projection/src/install/setup.bash'
[3.286s] INFO:colcon.colcon_core.shell:Creating prefix script '/home/zack/Workspace/image_projection/src/install/local_setup.zsh'
[3.286s] INFO:colcon.colcon_core.shell:Creating prefix chain script '/home/zack/Workspace/image_projection/src/install/setup.zsh'
