[35m[1mConsolidate compiler generated dependencies of target get_homography[0m
[ 50%] [32mBuilding CXX object CMakeFiles/get_homography.dir/src/homography.cpp.o[0m
[100%] [32m[1mLinking CXX executable get_homography[0m
[100%] Built target get_homography
-- Install configuration: ""
-- Installing: /home/zack/Workspace/image_projection/src/install/image_projection/lib/image_projection/get_homography
-- Set runtime path of "/home/zack/Workspace/image_projection/src/install/image_projection/lib/image_projection/get_homography" to ""
-- Up-to-date: /home/zack/Workspace/image_projection/src/install/image_projection/share/ament_index/resource_index/package_run_dependencies/image_projection
-- Up-to-date: /home/zack/Workspace/image_projection/src/install/image_projection/share/ament_index/resource_index/parent_prefix_path/image_projection
-- Up-to-date: /home/zack/Workspace/image_projection/src/install/image_projection/share/image_projection/environment/ament_prefix_path.sh
-- Up-to-date: /home/zack/Workspace/image_projection/src/install/image_projection/share/image_projection/environment/ament_prefix_path.dsv
-- Up-to-date: /home/zack/Workspace/image_projection/src/install/image_projection/share/image_projection/environment/path.sh
-- Up-to-date: /home/zack/Workspace/image_projection/src/install/image_projection/share/image_projection/environment/path.dsv
-- Up-to-date: /home/zack/Workspace/image_projection/src/install/image_projection/share/image_projection/local_setup.bash
-- Up-to-date: /home/zack/Workspace/image_projection/src/install/image_projection/share/image_projection/local_setup.sh
-- Up-to-date: /home/zack/Workspace/image_projection/src/install/image_projection/share/image_projection/local_setup.zsh
-- Up-to-date: /home/zack/Workspace/image_projection/src/install/image_projection/share/image_projection/local_setup.dsv
-- Installing: /home/zack/Workspace/image_projection/src/install/image_projection/share/image_projection/package.dsv
-- Up-to-date: /home/zack/Workspace/image_projection/src/install/image_projection/share/ament_index/resource_index/packages/image_projection
-- Up-to-date: /home/zack/Workspace/image_projection/src/install/image_projection/share/image_projection/cmake/image_projectionConfig.cmake
-- Up-to-date: /home/zack/Workspace/image_projection/src/install/image_projection/share/image_projection/cmake/image_projectionConfig-version.cmake
-- Up-to-date: /home/zack/Workspace/image_projection/src/install/image_projection/share/image_projection/package.xml
