-- Found ament_cmake: 1.3.6 (/opt/ros/humble/share/ament_cmake/cmake)
-- Found rclcpp: 16.0.7 (/opt/ros/humble/share/rclcpp/cmake)
-- Found rosidl_generator_c: 3.1.5 (/opt/ros/humble/share/rosidl_generator_c/cmake)
-- Found rosidl_adapter: 3.1.5 (/opt/ros/humble/share/rosidl_adapter/cmake)
-- Found rosidl_generator_cpp: 3.1.5 (/opt/ros/humble/share/rosidl_generator_cpp/cmake)
-- Using all available rosidl_typesupport_c: rosidl_typesupport_fastrtps_c;rosidl_typesupport_introspection_c
-- Using all available rosidl_typesupport_cpp: rosidl_typesupport_fastrtps_cpp;rosidl_typesupport_introspection_cpp
-- Found rmw_implementation_cmake: 6.1.1 (/opt/ros/humble/share/rmw_implementation_cmake/cmake)
-- Found rmw_fastrtps_cpp: 6.2.5 (/opt/ros/humble/share/rmw_fastrtps_cpp/cmake)
-- Using RMW implementation 'rmw_fastrtps_cpp' as default
-- Found OpenCV: /usr (found version "4.5.4") 
-- Configuring done
-- Generating done
-- Build files have been written to: /home/zack/Workspace/image_projection/src/build/image_projection
[35m[1mConsolidate compiler generated dependencies of target get_homography[0m
[ 50%] [32mBuilding CXX object CMakeFiles/get_homography.dir/src/homography.cpp.o[0m
[100%] [32m[1mLinking CXX executable get_homography[0m
[100%] Built target get_homography
-- Install configuration: ""
-- Installing: /home/zack/Workspace/image_projection/src/install/image_projection/lib/image_projection/get_homography
-- Set runtime path of "/home/zack/Workspace/image_projection/src/install/image_projection/lib/image_projection/get_homography" to ""
-- Up-to-date: /home/zack/Workspace/image_projection/src/install/image_projection/share/ament_index/resource_index/package_run_dependencies/image_projection
-- Up-to-date: /home/zack/Workspace/image_projection/src/install/image_projection/share/ament_index/resource_index/parent_prefix_path/image_projection
-- Up-to-date: /home/zack/Workspace/image_projection/src/install/image_projection/share/image_projection/environment/ament_prefix_path.sh
-- Installing: /home/zack/Workspace/image_projection/src/install/image_projection/share/image_projection/environment/ament_prefix_path.dsv
-- Up-to-date: /home/zack/Workspace/image_projection/src/install/image_projection/share/image_projection/environment/path.sh
-- Installing: /home/zack/Workspace/image_projection/src/install/image_projection/share/image_projection/environment/path.dsv
-- Up-to-date: /home/zack/Workspace/image_projection/src/install/image_projection/share/image_projection/local_setup.bash
-- Up-to-date: /home/zack/Workspace/image_projection/src/install/image_projection/share/image_projection/local_setup.sh
-- Up-to-date: /home/zack/Workspace/image_projection/src/install/image_projection/share/image_projection/local_setup.zsh
-- Installing: /home/zack/Workspace/image_projection/src/install/image_projection/share/image_projection/local_setup.dsv
-- Installing: /home/zack/Workspace/image_projection/src/install/image_projection/share/image_projection/package.dsv
-- Up-to-date: /home/zack/Workspace/image_projection/src/install/image_projection/share/ament_index/resource_index/packages/image_projection
-- Up-to-date: /home/zack/Workspace/image_projection/src/install/image_projection/share/image_projection/cmake/image_projectionConfig.cmake
-- Up-to-date: /home/zack/Workspace/image_projection/src/install/image_projection/share/image_projection/cmake/image_projectionConfig-version.cmake
-- Installing: /home/zack/Workspace/image_projection/src/install/image_projection/share/image_projection/package.xml
