[0.064s] Invoking command in '/home/zack/Workspace/image_projection/src/build/image_projection': CMAKE_PREFIX_PATH=${CMAKE_PREFIX_PATH}:/opt/ros/humble /usr/bin/cmake --build /home/zack/Workspace/image_projection/src/build/image_projection -- -j24 -l24
[0.077s] -- Found ament_cmake: 1.3.6 (/opt/ros/humble/share/ament_cmake/cmake)
[0.156s] -- Found rclcpp: 16.0.7 (/opt/ros/humble/share/rclcpp/cmake)
[0.172s] -- Found rosidl_generator_c: 3.1.5 (/opt/ros/humble/share/rosidl_generator_c/cmake)
[0.173s] -- Found rosidl_adapter: 3.1.5 (/opt/ros/humble/share/rosidl_adapter/cmake)
[0.176s] -- Found rosidl_generator_cpp: 3.1.5 (/opt/ros/humble/share/rosidl_generator_cpp/cmake)
[0.182s] -- Using all available rosidl_typesupport_c: rosidl_typesupport_fastrtps_c;rosidl_typesupport_introspection_c
[0.190s] -- Using all available rosidl_typesupport_cpp: rosidl_typesupport_fastrtps_cpp;rosidl_typesupport_introspection_cpp
[0.221s] -- Found rmw_implementation_cmake: 6.1.1 (/opt/ros/humble/share/rmw_implementation_cmake/cmake)
[0.222s] -- Found rmw_fastrtps_cpp: 6.2.5 (/opt/ros/humble/share/rmw_fastrtps_cpp/cmake)
[0.289s] -- Using RMW implementation 'rmw_fastrtps_cpp' as default
[0.380s] -- Found OpenCV: /usr (found version "4.5.4") 
[0.415s] -- Configuring done
[0.421s] -- Generating done
[0.421s] -- Build files have been written to: /home/zack/Workspace/image_projection/src/build/image_projection
[0.437s] [35m[1mConsolidate compiler generated dependencies of target get_homography[0m
[0.453s] [ 50%] [32mBuilding CXX object CMakeFiles/get_homography.dir/src/homography.cpp.o[0m
[2.227s] [100%] [32m[1mLinking CXX executable get_homography[0m
[2.333s] [100%] Built target get_homography
[2.339s] Invoked command in '/home/zack/Workspace/image_projection/src/build/image_projection' returned '0': CMAKE_PREFIX_PATH=${CMAKE_PREFIX_PATH}:/opt/ros/humble /usr/bin/cmake --build /home/zack/Workspace/image_projection/src/build/image_projection -- -j24 -l24
[2.358s] Invoking command in '/home/zack/Workspace/image_projection/src/build/image_projection': CMAKE_PREFIX_PATH=${CMAKE_PREFIX_PATH}:/opt/ros/humble /usr/bin/cmake --install /home/zack/Workspace/image_projection/src/build/image_projection
[2.362s] -- Install configuration: ""
[2.362s] -- Installing: /home/zack/Workspace/image_projection/src/install/image_projection/lib/image_projection/get_homography
[2.362s] -- Set runtime path of "/home/zack/Workspace/image_projection/src/install/image_projection/lib/image_projection/get_homography" to ""
[2.362s] -- Up-to-date: /home/zack/Workspace/image_projection/src/install/image_projection/share/ament_index/resource_index/package_run_dependencies/image_projection
[2.362s] -- Up-to-date: /home/zack/Workspace/image_projection/src/install/image_projection/share/ament_index/resource_index/parent_prefix_path/image_projection
[2.362s] -- Up-to-date: /home/zack/Workspace/image_projection/src/install/image_projection/share/image_projection/environment/ament_prefix_path.sh
[2.362s] -- Installing: /home/zack/Workspace/image_projection/src/install/image_projection/share/image_projection/environment/ament_prefix_path.dsv
[2.362s] -- Up-to-date: /home/zack/Workspace/image_projection/src/install/image_projection/share/image_projection/environment/path.sh
[2.362s] -- Installing: /home/zack/Workspace/image_projection/src/install/image_projection/share/image_projection/environment/path.dsv
[2.362s] -- Up-to-date: /home/zack/Workspace/image_projection/src/install/image_projection/share/image_projection/local_setup.bash
[2.362s] -- Up-to-date: /home/zack/Workspace/image_projection/src/install/image_projection/share/image_projection/local_setup.sh
[2.362s] -- Up-to-date: /home/zack/Workspace/image_projection/src/install/image_projection/share/image_projection/local_setup.zsh
[2.362s] -- Installing: /home/zack/Workspace/image_projection/src/install/image_projection/share/image_projection/local_setup.dsv
[2.362s] -- Installing: /home/zack/Workspace/image_projection/src/install/image_projection/share/image_projection/package.dsv
[2.362s] -- Up-to-date: /home/zack/Workspace/image_projection/src/install/image_projection/share/ament_index/resource_index/packages/image_projection
[2.362s] -- Up-to-date: /home/zack/Workspace/image_projection/src/install/image_projection/share/image_projection/cmake/image_projectionConfig.cmake
[2.362s] -- Up-to-date: /home/zack/Workspace/image_projection/src/install/image_projection/share/image_projection/cmake/image_projectionConfig-version.cmake
[2.362s] -- Installing: /home/zack/Workspace/image_projection/src/install/image_projection/share/image_projection/package.xml
[2.363s] Invoked command in '/home/zack/Workspace/image_projection/src/build/image_projection' returned '0': CMAKE_PREFIX_PATH=${CMAKE_PREFIX_PATH}:/opt/ros/humble /usr/bin/cmake --install /home/zack/Workspace/image_projection/src/build/image_projection
