[0.058s] Invoking command in '/home/zack/Workspace/image_projection/src/build/homography': CMAKE_PREFIX_PATH=${CMAKE_PREFIX_PATH}:/opt/ros/humble /usr/bin/cmake --build /home/zack/Workspace/image_projection/src/build/homography -- -j24 -l24
[0.070s] -- Found ament_cmake: 1.3.6 (/opt/ros/humble/share/ament_cmake/cmake)
[0.157s] -- Found rclcpp: 16.0.7 (/opt/ros/humble/share/rclcpp/cmake)
[0.187s] -- Found rosidl_generator_c: 3.1.5 (/opt/ros/humble/share/rosidl_generator_c/cmake)
[0.191s] -- Found rosidl_adapter: 3.1.5 (/opt/ros/humble/share/rosidl_adapter/cmake)
[0.197s] -- Found rosidl_generator_cpp: 3.1.5 (/opt/ros/humble/share/rosidl_generator_cpp/cmake)
[0.206s] -- Using all available rosidl_typesupport_c: rosidl_typesupport_fastrtps_c;rosidl_typesupport_introspection_c
[0.219s] -- Using all available rosidl_typesupport_cpp: rosidl_typesupport_fastrtps_cpp;rosidl_typesupport_introspection_cpp
[0.263s] -- Found rmw_implementation_cmake: 6.1.1 (/opt/ros/humble/share/rmw_implementation_cmake/cmake)
[0.264s] -- Found rmw_fastrtps_cpp: 6.2.5 (/opt/ros/humble/share/rmw_fastrtps_cpp/cmake)
[0.319s] -- Found OpenSSL: /usr/lib/x86_64-linux-gnu/libcrypto.so (found version "3.0.2")  
[0.335s] -- Found FastRTPS: /opt/ros/humble/include  
[0.361s] -- Using RMW implementation 'rmw_fastrtps_cpp' as default
[0.368s] -- Looking for pthread.h
[0.409s] -- Looking for pthread.h - found
[0.409s] -- Performing Test CMAKE_HAVE_LIBC_PTHREAD
[0.456s] -- Performing Test CMAKE_HAVE_LIBC_PTHREAD - Success
[0.456s] -- Found Threads: TRUE  
[0.550s] -- Found ament_lint_auto: 0.12.9 (/opt/ros/humble/share/ament_lint_auto/cmake)
[0.588s] -- Added test 'cppcheck' to perform static code analysis on C / C++ code
[0.588s] -- Configured cppcheck include dirs: 
[0.588s] -- Configured cppcheck exclude dirs and/or files: 
[0.588s] -- Added test 'lint_cmake' to check CMake code style
[0.588s] -- Added test 'uncrustify' to check C / C++ code style
[0.588s] -- Configured uncrustify additional arguments: 
[0.588s] -- Added test 'xmllint' to check XML markup files
[0.589s] -- Configuring done
[0.592s] -- Generating done
[0.593s] -- Build files have been written to: /home/zack/Workspace/image_projection/src/build/homography
[0.607s] [35m[1mConsolidate compiler generated dependencies of target get_homography[0m
[0.618s] [ 50%] [32mBuilding CXX object CMakeFiles/get_homography.dir/src/homography.cpp.o[0m
[0.688s] [01m[K/home/zack/Workspace/image_projection/src/homography/src/homography.cpp:19:30:[m[K [01;35m[Kwarning: [m[Kcharacter constant too long for its type
[0.688s]    19 |     cv::Mat im0 = cv::imread([01;35m[K'images/im0.jpg'[m[K);
[0.688s]       |                              [01;35m[K^~~~~~~~~~~~~~~~[m[K
[1.164s] [01m[K/home/zack/Workspace/image_projection/src/homography/src/homography.cpp:9:27:[m[K [01;31m[Kerror: [m[K‘[01m[Krclcpp[m[K’ has not been declared
[1.164s]     9 | class Homography : public [01;31m[Krclcpp[m[K::Node
[1.164s]       |                           [01;31m[K^~~~~~[m[K
[1.164s] [01m[K/home/zack/Workspace/image_projection/src/homography/src/homography.cpp:9:35:[m[K [01;31m[Kerror: [m[Kexpected ‘[01m[K{[m[K’ before ‘[01m[KNode[m[K’
[1.164s]     9 | class Homography : public rclcpp::[01;31m[KNode[m[K
[1.164s]       |                                   [01;31m[K^~~~[m[K
[1.164s] [01m[K/home/zack/Workspace/image_projection/src/homography/src/homography.cpp:14:1:[m[K [01;31m[Kerror: [m[Kexpected ‘[01m[K,[m[K’ or ‘[01m[K;[m[K’ before ‘[01m[Kint[m[K’
[1.164s]    14 | [01;31m[Kint[m[K main()
[1.164s]       | [01;31m[K^~~[m[K
[1.361s] gmake[2]: *** [CMakeFiles/get_homography.dir/build.make:76: CMakeFiles/get_homography.dir/src/homography.cpp.o] Error 1
[1.361s] gmake[1]: *** [CMakeFiles/Makefile2:137: CMakeFiles/get_homography.dir/all] Error 2
[1.361s] gmake: *** [Makefile:146: all] Error 2
[1.363s] Invoked command in '/home/zack/Workspace/image_projection/src/build/homography' returned '2': CMAKE_PREFIX_PATH=${CMAKE_PREFIX_PATH}:/opt/ros/humble /usr/bin/cmake --build /home/zack/Workspace/image_projection/src/build/homography -- -j24 -l24
