[0.050s] Invoking command in '/home/zack/Workspace/image_projection/src/build/homography': CMAKE_PREFIX_PATH=${CMAKE_PREFIX_PATH}:/opt/ros/humble /usr/bin/cmake --build /home/zack/Workspace/image_projection/src/build/homography -- -j24 -l24
[0.071s] Invoked command in '/home/zack/Workspace/image_projection/src/build/homography' returned '0': CMAKE_PREFIX_PATH=${CMAKE_PREFIX_PATH}:/opt/ros/humble /usr/bin/cmake --build /home/zack/Workspace/image_projection/src/build/homography -- -j24 -l24
[0.104s] Invoking command in '/home/zack/Workspace/image_projection/src/build/homography': CMAKE_PREFIX_PATH=${CMAKE_PREFIX_PATH}:/opt/ros/humble /usr/bin/cmake --install /home/zack/Workspace/image_projection/src/build/homography
[0.112s] -- Install configuration: ""
[0.112s] -- Up-to-date: /home/zack/Workspace/image_projection/src/install/homography/share/ament_index/resource_index/package_run_dependencies/homography
[0.113s] -- Up-to-date: /home/zack/Workspace/image_projection/src/install/homography/share/ament_index/resource_index/parent_prefix_path/homography
[0.113s] -- Up-to-date: /home/zack/Workspace/image_projection/src/install/homography/share/homography/environment/ament_prefix_path.sh
[0.113s] -- Up-to-date: /home/zack/Workspace/image_projection/src/install/homography/share/homography/environment/ament_prefix_path.dsv
[0.113s] -- Up-to-date: /home/zack/Workspace/image_projection/src/install/homography/share/homography/environment/path.sh
[0.113s] -- Up-to-date: /home/zack/Workspace/image_projection/src/install/homography/share/homography/environment/path.dsv
[0.113s] -- Up-to-date: /home/zack/Workspace/image_projection/src/install/homography/share/homography/local_setup.bash
[0.113s] -- Up-to-date: /home/zack/Workspace/image_projection/src/install/homography/share/homography/local_setup.sh
[0.113s] -- Up-to-date: /home/zack/Workspace/image_projection/src/install/homography/share/homography/local_setup.zsh
[0.113s] -- Up-to-date: /home/zack/Workspace/image_projection/src/install/homography/share/homography/local_setup.dsv
[0.113s] -- Up-to-date: /home/zack/Workspace/image_projection/src/install/homography/share/homography/package.dsv
[0.113s] -- Up-to-date: /home/zack/Workspace/image_projection/src/install/homography/share/ament_index/resource_index/packages/homography
[0.113s] -- Up-to-date: /home/zack/Workspace/image_projection/src/install/homography/share/homography/cmake/homographyConfig.cmake
[0.113s] -- Up-to-date: /home/zack/Workspace/image_projection/src/install/homography/share/homography/cmake/homographyConfig-version.cmake
[0.113s] -- Up-to-date: /home/zack/Workspace/image_projection/src/install/homography/share/homography/package.xml
[0.114s] Invoked command in '/home/zack/Workspace/image_projection/src/build/homography' returned '0': CMAKE_PREFIX_PATH=${CMAKE_PREFIX_PATH}:/opt/ros/humble /usr/bin/cmake --install /home/zack/Workspace/image_projection/src/build/homography
