[0.058s] Invoking command in '/home/zack/Workspace/image_projection/src/build/homography': CMAKE_PREFIX_PATH=${CMAKE_PREFIX_PATH}:/opt/ros/humble /usr/bin/cmake /home/zack/Workspace/image_projection/src/homography -DCMAKE_INSTALL_PREFIX=/home/zack/Workspace/image_projection/src/install/homography
[0.117s] -- The C compiler identification is GNU 11.4.0
[0.147s] -- The CXX compiler identification is GNU 11.4.0
[0.151s] -- Detecting C compiler ABI info
[0.218s] -- Detecting C compiler ABI info - done
[0.224s] -- Check for working C compiler: /usr/bin/cc - skipped
[0.224s] -- Detecting C compile features
[0.224s] -- Detecting C compile features - done
[0.226s] -- Detecting CXX compiler ABI info
[0.292s] -- Detecting CXX compiler ABI info - done
[0.296s] -- Check for working CXX compiler: /usr/bin/c++ - skipped
[0.297s] -- Detecting CXX compile features
[0.297s] -- Detecting CXX compile features - done
[0.299s] -- Found ament_cmake: 1.3.6 (/opt/ros/humble/share/ament_cmake/cmake)
[0.494s] -- Found Python3: /usr/bin/python3.10 (found version "3.10.12") found components: Interpreter 
[0.541s] -- Found ament_lint_auto: 0.12.9 (/opt/ros/humble/share/ament_lint_auto/cmake)
[0.603s] -- Added test 'cppcheck' to perform static code analysis on C / C++ code
[0.603s] -- Configured cppcheck include dirs: 
[0.603s] -- Configured cppcheck exclude dirs and/or files: 
[0.603s] -- Added test 'lint_cmake' to check CMake code style
[0.604s] -- Added test 'uncrustify' to check C / C++ code style
[0.604s] -- Configured uncrustify additional arguments: 
[0.605s] -- Added test 'xmllint' to check XML markup files
[0.605s] -- Configuring done
[0.607s] -- Generating done
[0.607s] -- Build files have been written to: /home/zack/Workspace/image_projection/src/build/homography
[0.610s] Invoked command in '/home/zack/Workspace/image_projection/src/build/homography' returned '0': CMAKE_PREFIX_PATH=${CMAKE_PREFIX_PATH}:/opt/ros/humble /usr/bin/cmake /home/zack/Workspace/image_projection/src/homography -DCMAKE_INSTALL_PREFIX=/home/zack/Workspace/image_projection/src/install/homography
[0.611s] Invoking command in '/home/zack/Workspace/image_projection/src/build/homography': CMAKE_PREFIX_PATH=${CMAKE_PREFIX_PATH}:/opt/ros/humble /usr/bin/cmake --build /home/zack/Workspace/image_projection/src/build/homography -- -j24 -l24
[0.633s] Invoked command in '/home/zack/Workspace/image_projection/src/build/homography' returned '0': CMAKE_PREFIX_PATH=${CMAKE_PREFIX_PATH}:/opt/ros/humble /usr/bin/cmake --build /home/zack/Workspace/image_projection/src/build/homography -- -j24 -l24
[0.663s] Invoking command in '/home/zack/Workspace/image_projection/src/build/homography': CMAKE_PREFIX_PATH=${CMAKE_PREFIX_PATH}:/opt/ros/humble /usr/bin/cmake --install /home/zack/Workspace/image_projection/src/build/homography
[0.671s] -- Install configuration: ""
[0.671s] -- Installing: /home/zack/Workspace/image_projection/src/install/homography/share/ament_index/resource_index/package_run_dependencies/homography
[0.672s] -- Installing: /home/zack/Workspace/image_projection/src/install/homography/share/ament_index/resource_index/parent_prefix_path/homography
[0.672s] -- Installing: /home/zack/Workspace/image_projection/src/install/homography/share/homography/environment/ament_prefix_path.sh
[0.672s] -- Installing: /home/zack/Workspace/image_projection/src/install/homography/share/homography/environment/ament_prefix_path.dsv
[0.672s] -- Installing: /home/zack/Workspace/image_projection/src/install/homography/share/homography/environment/path.sh
[0.672s] -- Installing: /home/zack/Workspace/image_projection/src/install/homography/share/homography/environment/path.dsv
[0.672s] -- Installing: /home/zack/Workspace/image_projection/src/install/homography/share/homography/local_setup.bash
[0.672s] -- Installing: /home/zack/Workspace/image_projection/src/install/homography/share/homography/local_setup.sh
[0.672s] -- Installing: /home/zack/Workspace/image_projection/src/install/homography/share/homography/local_setup.zsh
[0.672s] -- Installing: /home/zack/Workspace/image_projection/src/install/homography/share/homography/local_setup.dsv
[0.672s] -- Installing: /home/zack/Workspace/image_projection/src/install/homography/share/homography/package.dsv
[0.673s] -- Installing: /home/zack/Workspace/image_projection/src/install/homography/share/ament_index/resource_index/packages/homography
[0.673s] -- Installing: /home/zack/Workspace/image_projection/src/install/homography/share/homography/cmake/homographyConfig.cmake
[0.673s] -- Installing: /home/zack/Workspace/image_projection/src/install/homography/share/homography/cmake/homographyConfig-version.cmake
[0.673s] -- Installing: /home/zack/Workspace/image_projection/src/install/homography/share/homography/package.xml
[0.675s] Invoked command in '/home/zack/Workspace/image_projection/src/build/homography' returned '0': CMAKE_PREFIX_PATH=${CMAKE_PREFIX_PATH}:/opt/ros/humble /usr/bin/cmake --install /home/zack/Workspace/image_projection/src/build/homography
