[0.057s] Invoking command in '/home/zack/Workspace/image_projection/src/build/homography': CMAKE_PREFIX_PATH=${CMAKE_PREFIX_PATH}:/opt/ros/humble /usr/bin/cmake --build /home/zack/Workspace/image_projection/src/build/homography -- -j24 -l24
[0.069s] -- Found ament_cmake: 1.3.6 (/opt/ros/humble/share/ament_cmake/cmake)
[0.150s] -- Found ament_lint_auto: 0.12.9 (/opt/ros/humble/share/ament_lint_auto/cmake)
[0.185s] -- Added test 'cppcheck' to perform static code analysis on C / C++ code
[0.185s] -- Configured cppcheck include dirs: 
[0.185s] -- Configured cppcheck exclude dirs and/or files: 
[0.185s] -- Added test 'lint_cmake' to check CMake code style
[0.186s] -- Added test 'uncrustify' to check C / C++ code style
[0.186s] -- Configured uncrustify additional arguments: 
[0.186s] -- Added test 'xmllint' to check XML markup files
[0.186s] -- Configuring done
[0.188s] -- Generating done
[0.189s] -- Build files have been written to: /home/zack/Workspace/image_projection/src/build/homography
[0.204s] [ 50%] [32mBuilding CXX object CMakeFiles/get_homography.dir/src/homography.cpp.o[0m
[0.227s] In file included from [01m[K/home/zack/Workspace/image_projection/src/homography/src/homography.cpp:3[m[K:
[0.227s] [01m[K/usr/include/opencv4/opencv2/opencv.hpp:48:10:[m[K [01;31m[Kfatal error: [m[Kopencv2/opencv_modules.hpp: No such file or directory
[0.227s]    48 | #include [01;31m[K"opencv2/opencv_modules.hpp"[m[K
[0.227s]       |          [01;31m[K^~~~~~~~~~~~~~~~~~~~~~~~~~~~[m[K
[0.227s] compilation terminated.
[0.228s] gmake[2]: *** [CMakeFiles/get_homography.dir/build.make:76: CMakeFiles/get_homography.dir/src/homography.cpp.o] Error 1
[0.228s] gmake[1]: *** [CMakeFiles/Makefile2:137: CMakeFiles/get_homography.dir/all] Error 2
[0.229s] gmake: *** [Makefile:146: all] Error 2
[0.231s] Invoked command in '/home/zack/Workspace/image_projection/src/build/homography' returned '2': CMAKE_PREFIX_PATH=${CMAKE_PREFIX_PATH}:/opt/ros/humble /usr/bin/cmake --build /home/zack/Workspace/image_projection/src/build/homography -- -j24 -l24
