[0.056s] Invoking command in '/home/zack/Workspace/image_projection/src/build/homography': CMAKE_PREFIX_PATH=${CMAKE_PREFIX_PATH}:/opt/ros/humble /usr/bin/cmake --build /home/zack/Workspace/image_projection/src/build/homography -- -j24 -l24
[0.068s] -- Found ament_cmake: 1.3.6 (/opt/ros/humble/share/ament_cmake/cmake)
[0.154s] -- Configuring incomplete, errors occurred!
[0.154s] See also "/home/zack/Workspace/image_projection/src/build/homography/CMakeFiles/CMakeOutput.log".
[0.154s] [31mCMake Error at CMakeLists.txt:15 (find_package):
[0.154s]   By not providing "FindOPENCV.cmake" in CMAKE_MODULE_PATH this project has
[0.154s]   asked CMake to find a package configuration file provided by "OPENCV", but
[0.154s]   CMake did not find one.
[0.154s] 
[0.154s]   Could not find a package configuration file provided by "OPENCV" with any
[0.154s]   of the following names:
[0.154s] 
[0.154s]     OPENCVConfig.cmake
[0.154s]     opencv-config.cmake
[0.154s] 
[0.154s]   Add the installation prefix of "OPENCV" to CMAKE_PREFIX_PATH or set
[0.154s]   "OPENCV_DIR" to a directory containing one of the above files.  If "OPENCV"
[0.155s]   provides a separate development package or SDK, be sure it has been
[0.155s]   installed.
[0.155s] 
[0.155s] [0m
[0.155s] gmake: *** [Makefile:267: cmake_check_build_system] Error 1
[0.157s] Invoked command in '/home/zack/Workspace/image_projection/src/build/homography' returned '2': CMAKE_PREFIX_PATH=${CMAKE_PREFIX_PATH}:/opt/ros/humble /usr/bin/cmake --build /home/zack/Workspace/image_projection/src/build/homography -- -j24 -l24
