[0.061s] Invoking command in '/home/zack/Workspace/image_projection/src/build/homography': CMAKE_PREFIX_PATH=${CMAKE_PREFIX_PATH}:/opt/ros/humble /usr/bin/cmake --build /home/zack/Workspace/image_projection/src/build/homography -- -j24 -l24
[0.072s] -- Found ament_cmake: 1.3.6 (/opt/ros/humble/share/ament_cmake/cmake)
[0.165s] -- Configuring incomplete, errors occurred!
[0.165s] See also "/home/zack/Workspace/image_projection/src/build/homography/CMakeFiles/CMakeOutput.log".
[0.165s] [31mCMake Error at CMakeLists.txt:14 (find_package):
[0.165s]   By not providing "Findrcl_cpp.cmake" in CMAKE_MODULE_PATH this project has
[0.165s]   asked CMake to find a package configuration file provided by "rcl_cpp", but
[0.165s]   CMake did not find one.
[0.165s] 
[0.165s]   Could not find a package configuration file provided by "rcl_cpp" with any
[0.165s]   of the following names:
[0.165s] 
[0.165s]     rcl_cppConfig.cmake
[0.165s]     rcl_cpp-config.cmake
[0.165s] 
[0.165s]   Add the installation prefix of "rcl_cpp" to CMAKE_PREFIX_PATH or set
[0.165s]   "rcl_cpp_DIR" to a directory containing one of the above files.  If
[0.166s]   "rcl_cpp" provides a separate development package or SDK, be sure it has
[0.166s]   been installed.
[0.166s] 
[0.166s] [0m
[0.166s] gmake: *** [Makefile:267: cmake_check_build_system] Error 1
[0.167s] Invoked command in '/home/zack/Workspace/image_projection/src/build/homography' returned '2': CMAKE_PREFIX_PATH=${CMAKE_PREFIX_PATH}:/opt/ros/humble /usr/bin/cmake --build /home/zack/Workspace/image_projection/src/build/homography -- -j24 -l24
