[0.059s] Invoking command in '/home/zack/Workspace/image_projection/src/build/homography': CMAKE_PREFIX_PATH=${CMAKE_PREFIX_PATH}:/opt/ros/humble /usr/bin/cmake --build /home/zack/Workspace/image_projection/src/build/homography -- -j24 -l24
[0.071s] -- Found ament_cmake: 1.3.6 (/opt/ros/humble/share/ament_cmake/cmake)
[0.154s] -- Found OpenCV: /usr (found version "4.5.4") 
[0.155s] -- Found ament_lint_auto: 0.12.9 (/opt/ros/humble/share/ament_lint_auto/cmake)
[0.190s] -- Added test 'cppcheck' to perform static code analysis on C / C++ code
[0.190s] -- Configured cppcheck include dirs: 
[0.190s] -- Configured cppcheck exclude dirs and/or files: 
[0.190s] -- Added test 'lint_cmake' to check CMake code style
[0.191s] -- Added test 'uncrustify' to check C / C++ code style
[0.191s] -- Configured uncrustify additional arguments: 
[0.191s] -- Added test 'xmllint' to check XML markup files
[0.191s] -- Configuring done
[0.192s] [31mCMake Error at CMakeLists.txt:16 (add_executable):
[0.192s]   Cannot find source file:
[0.192s] 
[0.192s]     OPENCV
[0.192s] 
[0.192s]   Tried extensions .c .C .c++ .cc .cpp .cxx .cu .mpp .m .M .mm .ixx .cppm .h
[0.192s]   .hh .h++ .hm .hpp .hxx .in .txx .f .F .for .f77 .f90 .f95 .f03 .hip .ispc
[0.192s] 
[0.192s] [0m
[0.192s] [31mCMake Error at CMakeLists.txt:16 (add_executable):
[0.192s]   No SOURCES given to target: get_homography
[0.192s] 
[0.192s] [0m
[0.192s] [0mCMake Generate step failed.  Build files cannot be regenerated correctly.[0m
[0.194s] gmake: *** [Makefile:267: cmake_check_build_system] Error 1
[0.195s] Invoked command in '/home/zack/Workspace/image_projection/src/build/homography' returned '2': CMAKE_PREFIX_PATH=${CMAKE_PREFIX_PATH}:/opt/ros/humble /usr/bin/cmake --build /home/zack/Workspace/image_projection/src/build/homography -- -j24 -l24
